<?xml version="1.0" encoding="UTF-8"?>
<testng-results skipped="0" failed="0" total="4" passed="4">
  <reporter-output>
  </reporter-output>
  <suite name="Default suite" duration-ms="13691" started-at="2019-04-17T09:47:56Z" finished-at="2019-04-17T09:48:09Z">
    <groups>
    </groups>
    <test name="Default test" duration-ms="13691" started-at="2019-04-17T09:47:56Z" finished-at="2019-04-17T09:48:09Z">
      <class name="AdvantageOnlineShop.AOS_Selenium_TestNG">
        <test-method status="PASS" signature="setUp()[pri:0, instance:AdvantageOnlineShop.AOS_Selenium_TestNG@5ba23b66]" name="setUp" is-config="true" duration-ms="4533" started-at="2019-04-17T11:47:56Z" finished-at="2019-04-17T11:48:00Z">
          <reporter-output>
          </reporter-output>
        </test-method> <!-- setUp -->
        <test-method status="PASS" signature="step_01_CallWebsite()[pri:0, instance:AdvantageOnlineShop.AOS_Selenium_TestNG@5ba23b66]" name="step_01_CallWebsite" duration-ms="6848" started-at="2019-04-17T11:48:00Z" finished-at="2019-04-17T11:48:07Z">
          <reporter-output>
          </reporter-output>
        </test-method> <!-- step_01_CallWebsite -->
        <test-method status="PASS" signature="step_02_SelectLogin()[pri:0, instance:AdvantageOnlineShop.AOS_Selenium_TestNG@5ba23b66]" name="step_02_SelectLogin" duration-ms="134" started-at="2019-04-17T11:48:07Z" depends-on-methods="AdvantageOnlineShop.AOS_Selenium_TestNG.step_01_CallWebsite" finished-at="2019-04-17T11:48:07Z">
          <reporter-output>
          </reporter-output>
        </test-method> <!-- step_02_SelectLogin -->
        <test-method status="PASS" signature="step_03_PerformLogin()[pri:0, instance:AdvantageOnlineShop.AOS_Selenium_TestNG@5ba23b66]" name="step_03_PerformLogin" duration-ms="1366" started-at="2019-04-17T11:48:07Z" depends-on-methods="AdvantageOnlineShop.AOS_Selenium_TestNG.step_02_SelectLogin" finished-at="2019-04-17T11:48:09Z">
          <reporter-output>
          </reporter-output>
        </test-method> <!-- step_03_PerformLogin -->
        <test-method status="PASS" signature="step_04_VerifyLogon()[pri:0, instance:AdvantageOnlineShop.AOS_Selenium_TestNG@5ba23b66]" name="step_04_VerifyLogon" duration-ms="631" started-at="2019-04-17T11:48:09Z" depends-on-methods="AdvantageOnlineShop.AOS_Selenium_TestNG.step_03_PerformLogin" finished-at="2019-04-17T11:48:09Z">
          <reporter-output>
          </reporter-output>
        </test-method> <!-- step_04_VerifyLogon -->
        <test-method status="PASS" signature="tearDown()[pri:0, instance:AdvantageOnlineShop.AOS_Selenium_TestNG@5ba23b66]" name="tearDown" is-config="true" duration-ms="162" started-at="2019-04-17T11:48:09Z" finished-at="2019-04-17T11:48:09Z">
          <reporter-output>
          </reporter-output>
        </test-method> <!-- tearDown -->
      </class> <!-- AdvantageOnlineShop.AOS_Selenium_TestNG -->
    </test> <!-- Default test -->
  </suite> <!-- Default suite -->
</testng-results>
