<?xml version="1.0" encoding="UTF-8"?>
<testng-results skipped="1" failed="1" total="4" passed="2">
  <reporter-output>
  </reporter-output>
  <suite name="Default suite" duration-ms="12807" started-at="2019-04-17T09:01:08Z" finished-at="2019-04-17T09:01:21Z">
    <groups>
    </groups>
    <test name="Default test" duration-ms="12807" started-at="2019-04-17T09:01:08Z" finished-at="2019-04-17T09:01:21Z">
      <class name="AdvantageOnlineShop.AOS_Selenium_TestNG">
        <test-method status="PASS" signature="setUp()[pri:0, instance:AdvantageOnlineShop.AOS_Selenium_TestNG@5ba23b66]" name="setUp" is-config="true" duration-ms="4234" started-at="2019-04-17T11:01:08Z" finished-at="2019-04-17T11:01:12Z">
          <reporter-output>
          </reporter-output>
        </test-method> <!-- setUp -->
        <test-method status="PASS" signature="step_01_CallWebsite()[pri:0, instance:AdvantageOnlineShop.AOS_Selenium_TestNG@5ba23b66]" name="step_01_CallWebsite" duration-ms="8176" started-at="2019-04-17T11:01:12Z" finished-at="2019-04-17T11:01:20Z">
          <reporter-output>
          </reporter-output>
        </test-method> <!-- step_01_CallWebsite -->
        <test-method status="PASS" signature="step_02_SelectLogin()[pri:0, instance:AdvantageOnlineShop.AOS_Selenium_TestNG@5ba23b66]" name="step_02_SelectLogin" duration-ms="92" started-at="2019-04-17T11:01:20Z" depends-on-methods="AdvantageOnlineShop.AOS_Selenium_TestNG.step_01_CallWebsite" finished-at="2019-04-17T11:01:20Z">
          <reporter-output>
          </reporter-output>
        </test-method> <!-- step_02_SelectLogin -->
        <test-method status="FAIL" signature="step_03_PerformLogin()[pri:0, instance:AdvantageOnlineShop.AOS_Selenium_TestNG@5ba23b66]" name="step_03_PerformLogin" duration-ms="90" started-at="2019-04-17T11:01:20Z" depends-on-methods="AdvantageOnlineShop.AOS_Selenium_TestNG.step_02_SelectLogin" finished-at="2019-04-17T11:01:20Z">
          <exception class="org.openqa.selenium.ElementNotInteractableException">
            <message>
              <![CDATA[element not interactable
  (Session info: chrome=73.0.3683.103)
  (Driver info: chromedriver=2.46.628402 (536cd7adbad73a3783fdc2cab92ab2ba7ec361e1),platform=Windows NT 10.0.17134 x86_64) (WARNING: The server did not provide any stacktrace information)
Command duration or timeout: 56 milliseconds
Build info: version: 'unknown', revision: 'unknown', time: 'unknown'
System info: host: 'P0106-WIN10-VS', ip: '169.254.186.135', os.name: 'Windows 10', os.arch: 'amd64', os.version: '10.0', java.version: '1.8.0_201'
Driver info: org.openqa.selenium.chrome.ChromeDriver
Capabilities [{mobileEmulationEnabled=false, timeouts={implicit=0.0, pageLoad=300000.0, script=30000.0}, hasTouchScreen=false, platform=XP, acceptSslCerts=false, goog:chromeOptions={debuggerAddress=localhost:42308}, acceptInsecureCerts=false, webStorageEnabled=true, browserName=chrome, takesScreenshot=true, javascriptEnabled=true, setWindowRect=true, unexpectedAlertBehaviour=ignore, applicationCacheEnabled=false, rotatable=false, networkConnectionEnabled=false, chrome={chromedriverVersion=2.46.628402 (536cd7adbad73a3783fdc2cab92ab2ba7ec361e1), userDataDir=C:\Users\VSIEBE~1\AppData\Local\Temp\scoped_dir15952_2715}, takesHeapSnapshot=true, pageLoadStrategy=normal, strictFileInteractability=false, databaseEnabled=false, handlesAlerts=true, version=73.0.3683.103, browserConnectionEnabled=false, proxy=Proxy(), nativeEvents=true, locationContextEnabled=true, cssSelectorsEnabled=true}]
Session ID: 356e66089f47af18f878f2d4da793c65]]>
            </message>
            <full-stacktrace>
              <![CDATA[org.openqa.selenium.ElementNotInteractableException: element not interactable
  (Session info: chrome=73.0.3683.103)
  (Driver info: chromedriver=2.46.628402 (536cd7adbad73a3783fdc2cab92ab2ba7ec361e1),platform=Windows NT 10.0.17134 x86_64) (WARNING: The server did not provide any stacktrace information)
Command duration or timeout: 56 milliseconds
Build info: version: 'unknown', revision: 'unknown', time: 'unknown'
System info: host: 'P0106-WIN10-VS', ip: '169.254.186.135', os.name: 'Windows 10', os.arch: 'amd64', os.version: '10.0', java.version: '1.8.0_201'
Driver info: org.openqa.selenium.chrome.ChromeDriver
Capabilities [{mobileEmulationEnabled=false, timeouts={implicit=0.0, pageLoad=300000.0, script=30000.0}, hasTouchScreen=false, platform=XP, acceptSslCerts=false, goog:chromeOptions={debuggerAddress=localhost:42308}, acceptInsecureCerts=false, webStorageEnabled=true, browserName=chrome, takesScreenshot=true, javascriptEnabled=true, setWindowRect=true, unexpectedAlertBehaviour=ignore, applicationCacheEnabled=false, rotatable=false, networkConnectionEnabled=false, chrome={chromedriverVersion=2.46.628402 (536cd7adbad73a3783fdc2cab92ab2ba7ec361e1), userDataDir=C:\Users\VSIEBE~1\AppData\Local\Temp\scoped_dir15952_2715}, takesHeapSnapshot=true, pageLoadStrategy=normal, strictFileInteractability=false, databaseEnabled=false, handlesAlerts=true, version=73.0.3683.103, browserConnectionEnabled=false, proxy=Proxy(), nativeEvents=true, locationContextEnabled=true, cssSelectorsEnabled=true}]
Session ID: 356e66089f47af18f878f2d4da793c65
	at sun.reflect.NativeConstructorAccessorImpl.newInstance0(Native Method)
	at sun.reflect.NativeConstructorAccessorImpl.newInstance(Unknown Source)
	at sun.reflect.DelegatingConstructorAccessorImpl.newInstance(Unknown Source)
	at java.lang.reflect.Constructor.newInstance(Unknown Source)
	at org.openqa.selenium.remote.ErrorHandler.createThrowable(ErrorHandler.java:215)
	at org.openqa.selenium.remote.ErrorHandler.throwIfResponseFailed(ErrorHandler.java:167)
	at org.openqa.selenium.remote.RemoteWebDriver.execute(RemoteWebDriver.java:671)
	at org.openqa.selenium.remote.RemoteWebElement.execute(RemoteWebElement.java:272)
	at org.openqa.selenium.remote.RemoteWebElement.sendKeys(RemoteWebElement.java:96)
	at AdvantageOnlineShop.AOS_Selenium_TestNG.step_03_PerformLogin(AOS_Selenium_TestNG.java:78)
	at sun.reflect.NativeMethodAccessorImpl.invoke0(Native Method)
	at sun.reflect.NativeMethodAccessorImpl.invoke(Unknown Source)
	at sun.reflect.DelegatingMethodAccessorImpl.invoke(Unknown Source)
	at java.lang.reflect.Method.invoke(Unknown Source)
	at org.testng.internal.MethodInvocationHelper.invokeMethod(MethodInvocationHelper.java:86)
	at org.testng.internal.Invoker.invokeMethod(Invoker.java:645)
	at org.testng.internal.Invoker.invokeTestMethod(Invoker.java:822)
	at org.testng.internal.Invoker.invokeTestMethods(Invoker.java:1130)
	at org.testng.internal.TestMethodWorker.invokeTestMethods(TestMethodWorker.java:129)
	at org.testng.internal.TestMethodWorker.run(TestMethodWorker.java:112)
	at org.testng.TestRunner.privateRun(TestRunner.java:782)
	at org.testng.TestRunner.run(TestRunner.java:632)
	at org.testng.SuiteRunner.runTest(SuiteRunner.java:366)
	at org.testng.SuiteRunner.runSequentially(SuiteRunner.java:361)
	at org.testng.SuiteRunner.privateRun(SuiteRunner.java:319)
	at org.testng.SuiteRunner.run(SuiteRunner.java:268)
	at org.testng.SuiteRunnerWorker.runSuite(SuiteRunnerWorker.java:52)
	at org.testng.SuiteRunnerWorker.run(SuiteRunnerWorker.java:86)
	at org.testng.TestNG.runSuitesSequentially(TestNG.java:1244)
	at org.testng.TestNG.runSuitesLocally(TestNG.java:1169)
	at org.testng.TestNG.run(TestNG.java:1064)
	at org.testng.remote.RemoteTestNG.run(RemoteTestNG.java:113)
	at org.testng.remote.RemoteTestNG.initAndRun(RemoteTestNG.java:206)
	at org.testng.remote.RemoteTestNG.main(RemoteTestNG.java:177)
]]>
            </full-stacktrace>
          </exception> <!-- org.openqa.selenium.ElementNotInteractableException -->
          <reporter-output>
          </reporter-output>
        </test-method> <!-- step_03_PerformLogin -->
        <test-method status="SKIP" signature="step_04_VerifyLogon()[pri:0, instance:AdvantageOnlineShop.AOS_Selenium_TestNG@5ba23b66]" name="step_04_VerifyLogon" duration-ms="0" started-at="2019-04-17T11:01:20Z" depends-on-methods="AdvantageOnlineShop.AOS_Selenium_TestNG.step_03_PerformLogin" finished-at="2019-04-17T11:01:20Z">
          <exception class="java.lang.Throwable">
            <message>
              <![CDATA[Method AOS_Selenium_TestNG.step_04_VerifyLogon()[pri:0, instance:AdvantageOnlineShop.AOS_Selenium_TestNG@5ba23b66] depends on not successfully finished methods]]>
            </message>
            <full-stacktrace>
              <![CDATA[java.lang.Throwable: Method AOS_Selenium_TestNG.step_04_VerifyLogon()[pri:0, instance:AdvantageOnlineShop.AOS_Selenium_TestNG@5ba23b66] depends on not successfully finished methods
	at org.testng.internal.Invoker.invokeTestMethods(Invoker.java:1039)
	at org.testng.internal.TestMethodWorker.invokeTestMethods(TestMethodWorker.java:129)
	at org.testng.internal.TestMethodWorker.run(TestMethodWorker.java:112)
	at org.testng.TestRunner.privateRun(TestRunner.java:782)
	at org.testng.TestRunner.run(TestRunner.java:632)
	at org.testng.SuiteRunner.runTest(SuiteRunner.java:366)
	at org.testng.SuiteRunner.runSequentially(SuiteRunner.java:361)
	at org.testng.SuiteRunner.privateRun(SuiteRunner.java:319)
	at org.testng.SuiteRunner.run(SuiteRunner.java:268)
	at org.testng.SuiteRunnerWorker.runSuite(SuiteRunnerWorker.java:52)
	at org.testng.SuiteRunnerWorker.run(SuiteRunnerWorker.java:86)
	at org.testng.TestNG.runSuitesSequentially(TestNG.java:1244)
	at org.testng.TestNG.runSuitesLocally(TestNG.java:1169)
	at org.testng.TestNG.run(TestNG.java:1064)
	at org.testng.remote.RemoteTestNG.run(RemoteTestNG.java:113)
	at org.testng.remote.RemoteTestNG.initAndRun(RemoteTestNG.java:206)
	at org.testng.remote.RemoteTestNG.main(RemoteTestNG.java:177)
]]>
            </full-stacktrace>
          </exception> <!-- java.lang.Throwable -->
          <reporter-output>
          </reporter-output>
        </test-method> <!-- step_04_VerifyLogon -->
        <test-method status="PASS" signature="tearDown()[pri:0, instance:AdvantageOnlineShop.AOS_Selenium_TestNG@5ba23b66]" name="tearDown" is-config="true" duration-ms="185" started-at="2019-04-17T11:01:20Z" finished-at="2019-04-17T11:01:21Z">
          <reporter-output>
          </reporter-output>
        </test-method> <!-- tearDown -->
      </class> <!-- AdvantageOnlineShop.AOS_Selenium_TestNG -->
    </test> <!-- Default test -->
  </suite> <!-- Default suite -->
</testng-results>
