<?xml version="1.0" encoding="UTF-8"?>
<!-- Generated by org.testng.reporters.JUnitXMLReporter -->
<testsuite hostname="P0106-Win10-VS" name="Default test" tests="4" failures="0" timestamp="17 Apr 2019 09:48:09 GMT" time="13.691" errors="0">
  <testcase name="step_01_CallWebsite" time="6.848" classname="AdvantageOnlineShop.AOS_Selenium_TestNG"/>
  <testcase name="step_02_SelectLogin" time="0.134" classname="AdvantageOnlineShop.AOS_Selenium_TestNG"/>
  <testcase name="step_03_PerformLogin" time="1.366" classname="AdvantageOnlineShop.AOS_Selenium_TestNG"/>
  <testcase name="step_04_VerifyLogon" time="0.631" classname="AdvantageOnlineShop.AOS_Selenium_TestNG"/>
</testsuite> <!-- Default test -->
